0 info it worked if it ends with ok
1 verbose cli [ 'node', '/usr/local/bin/npm', 'update', '-g', 'ionic' ]
2 info using npm@1.4.28
3 info using node@v0.10.32
4 verbose request where is /ionic
5 verbose request registry https://registry.npmjs.org/
6 verbose request id ab82a1eab3833082
7 verbose url raw /ionic
8 verbose url resolving [ 'https://registry.npmjs.org/', './ionic' ]
9 verbose url resolved https://registry.npmjs.org/ionic
10 verbose request where is https://registry.npmjs.org/ionic
11 info trying registry request attempt 1 at 01:19:02
12 verbose etag "EWVUJZDVNXU3L5LLI7UWKHCEN"
13 http GET https://registry.npmjs.org/ionic
14 http 200 https://registry.npmjs.org/ionic
15 silly registry.get cb [ 200,
15 silly registry.get   { date: 'Wed, 10 Dec 2014 06:19:04 GMT',
15 silly registry.get     server: 'CouchDB/1.5.0 (Erlang OTP/R16B03)',
15 silly registry.get     etag: '"415J6CPCPR7AWKHFXI6406T7J"',
15 silly registry.get     'content-type': 'application/json',
15 silly registry.get     'cache-control': 'max-age=60',
15 silly registry.get     'content-length': '152657',
15 silly registry.get     'accept-ranges': 'bytes',
15 silly registry.get     via: '1.1 varnish',
15 silly registry.get     age: '0',
15 silly registry.get     'x-served-by': 'cache-atl6227-ATL',
15 silly registry.get     'x-cache': 'HIT',
15 silly registry.get     'x-cache-hits': '1',
15 silly registry.get     'x-timer': 'S1418192344.688266,VS0,VE79',
15 silly registry.get     vary: 'Accept',
15 silly registry.get     'keep-alive': 'timeout=10, max=50',
15 silly registry.get     connection: 'Keep-Alive' } ]
16 info outdated updating [ [ '/usr/local/lib', 'ionic', '1.2.8', '1.2.9', '1.2.9', 'latest' ] ]
17 verbose install where,what [ '/usr/local/lib', [ 'ionic@1.2.9' ] ]
18 verbose cache add [ 'ionic@1.2.9', null ]
19 verbose cache add name=undefined spec="ionic@1.2.9" args=["ionic@1.2.9",null]
20 verbose parsed url { protocol: null,
20 verbose parsed url   slashes: null,
20 verbose parsed url   auth: null,
20 verbose parsed url   host: null,
20 verbose parsed url   port: null,
20 verbose parsed url   hostname: null,
20 verbose parsed url   hash: null,
20 verbose parsed url   search: null,
20 verbose parsed url   query: null,
20 verbose parsed url   pathname: 'ionic@1.2.9',
20 verbose parsed url   path: 'ionic@1.2.9',
20 verbose parsed url   href: 'ionic@1.2.9' }
21 verbose cache add name="ionic" spec="1.2.9" args=["ionic","1.2.9"]
22 verbose parsed url { protocol: null,
22 verbose parsed url   slashes: null,
22 verbose parsed url   auth: null,
22 verbose parsed url   host: null,
22 verbose parsed url   port: null,
22 verbose parsed url   hostname: null,
22 verbose parsed url   hash: null,
22 verbose parsed url   search: null,
22 verbose parsed url   query: null,
22 verbose parsed url   pathname: '1.2.9',
22 verbose parsed url   path: '1.2.9',
22 verbose parsed url   href: '1.2.9' }
23 verbose addNamed [ 'ionic', '1.2.9' ]
24 verbose addNamed [ '1.2.9', '1.2.9' ]
25 silly lockFile ae123ff8-ionic-1-2-9 ionic@1.2.9
26 verbose lock ionic@1.2.9 /Users/anthonyotienoolawo/.npm/ae123ff8-ionic-1-2-9.lock
27 verbose request where is /ionic
28 verbose request registry https://registry.npmjs.org/
29 verbose url raw /ionic
30 verbose url resolving [ 'https://registry.npmjs.org/', './ionic' ]
31 verbose url resolved https://registry.npmjs.org/ionic
32 verbose request where is https://registry.npmjs.org/ionic
33 info trying registry request attempt 1 at 01:19:25
34 verbose etag "415J6CPCPR7AWKHFXI6406T7J"
35 http GET https://registry.npmjs.org/ionic
36 http 304 https://registry.npmjs.org/ionic
37 silly registry.get cb [ 304,
37 silly registry.get   { date: 'Wed, 10 Dec 2014 06:19:25 GMT',
37 silly registry.get     server: 'Apache',
37 silly registry.get     via: '1.1 varnish',
37 silly registry.get     'last-modified': 'Wed, 10 Dec 2014 06:19:26 GMT',
37 silly registry.get     'cache-control': 'max-age=60',
37 silly registry.get     etag: '"415J6CPCPR7AWKHFXI6406T7J"',
37 silly registry.get     age: '0',
37 silly registry.get     'x-served-by': 'cache-iad2128-IAD',
37 silly registry.get     'x-cache': 'HIT',
37 silly registry.get     'x-cache-hits': '1',
37 silly registry.get     'x-timer': 'S1418192365.955313,VS0,VE351',
37 silly registry.get     vary: 'Accept',
37 silly registry.get     'content-length': '0',
37 silly registry.get     'keep-alive': 'timeout=10, max=50',
37 silly registry.get     connection: 'Keep-Alive' } ]
38 verbose etag https://registry.npmjs.org/ionic from cache
39 silly lockFile 5a0eee23--npmjs-org-ionic-ionic-1-2-9-tgz https://registry.npmjs.org/ionic/-/ionic-1.2.9.tgz
40 verbose lock https://registry.npmjs.org/ionic/-/ionic-1.2.9.tgz /Users/anthonyotienoolawo/.npm/5a0eee23--npmjs-org-ionic-ionic-1-2-9-tgz.lock
41 verbose addRemoteTarball [ 'https://registry.npmjs.org/ionic/-/ionic-1.2.9.tgz',
41 verbose addRemoteTarball   '4e85225e9fb8bc43ea5c7f01aca893007fb5b90b' ]
42 info retry fetch attempt 1 at 01:19:26
43 verbose fetch to= /var/folders/jd/5k1twc3j1jggzr4syyz9xl5c0000gn/T/npm-6057-UeSFZ844/registry.npmjs.org/ionic/-/ionic-1.2.9.tgz
44 http GET https://registry.npmjs.org/ionic/-/ionic-1.2.9.tgz
45 http 200 https://registry.npmjs.org/ionic/-/ionic-1.2.9.tgz
46 silly lockFile 5a0eee23--npmjs-org-ionic-ionic-1-2-9-tgz https://registry.npmjs.org/ionic/-/ionic-1.2.9.tgz
47 silly lockFile 5a0eee23--npmjs-org-ionic-ionic-1-2-9-tgz https://registry.npmjs.org/ionic/-/ionic-1.2.9.tgz
48 silly lockFile ae123ff8-ionic-1-2-9 ionic@1.2.9
49 silly lockFile ae123ff8-ionic-1-2-9 ionic@1.2.9
50 error Error: EACCES, mkdir '/Users/anthonyotienoolawo/.npm/ionic/1.2.9'
50 error  { [Error: EACCES, mkdir '/Users/anthonyotienoolawo/.npm/ionic/1.2.9']
50 error   errno: 3,
50 error   code: 'EACCES',
50 error   path: '/Users/anthonyotienoolawo/.npm/ionic/1.2.9' }
51 error Please try running this command again as root/Administrator.
52 error System Darwin 13.4.0
53 error command "node" "/usr/local/bin/npm" "update" "-g" "ionic"
54 error cwd /Users/anthonyotienoolawo/git/Compassion/Compassion
55 error node -v v0.10.32
56 error npm -v 1.4.28
57 error path /Users/anthonyotienoolawo/.npm/ionic/1.2.9
58 error code EACCES
59 error errno 3
60 error stack Error: EACCES, mkdir '/Users/anthonyotienoolawo/.npm/ionic/1.2.9'
61 verbose exit [ 3, true ]
